0 info it worked if it ends with ok
1 verbose cli [ '/usr/bin/nodejs',
1 verbose cli   '/usr/bin/npm',
1 verbose cli   'install',
1 verbose cli   '-g',
1 verbose cli   '@angular/cli' ]
2 info using npm@1.4.21
3 info using node@v4.8.2
4 verbose cache add [ '@angular/cli', null ]
5 verbose cache add name=undefined spec="@angular/cli" args=["@angular/cli",null]
6 verbose parsed url Url {
6 verbose parsed url   protocol: null,
6 verbose parsed url   slashes: null,
6 verbose parsed url   auth: null,
6 verbose parsed url   host: null,
6 verbose parsed url   port: null,
6 verbose parsed url   hostname: null,
6 verbose parsed url   hash: null,
6 verbose parsed url   search: null,
6 verbose parsed url   query: null,
6 verbose parsed url   pathname: '@angular/cli',
6 verbose parsed url   path: '@angular/cli',
6 verbose parsed url   href: '@angular/cli' }
7 verbose cache add name="" spec="angular/cli" args=["","angular/cli"]
8 verbose parsed url Url {
8 verbose parsed url   protocol: null,
8 verbose parsed url   slashes: null,
8 verbose parsed url   auth: null,
8 verbose parsed url   host: null,
8 verbose parsed url   port: null,
8 verbose parsed url   hostname: null,
8 verbose parsed url   hash: null,
8 verbose parsed url   search: null,
8 verbose parsed url   query: null,
8 verbose parsed url   pathname: 'angular/cli',
8 verbose parsed url   path: 'angular/cli',
8 verbose parsed url   href: 'angular/cli' }
9 silly lockFile 5cecaa1c-angular-cli angular/cli
10 verbose lock angular/cli /root/.npm/5cecaa1c-angular-cli.lock
11 info maybeGithub Attempting angular/cli from git://github.com/angular/cli
12 silly lockFile 057ccbdd-git-github-com-angular-cli git://github.com/angular/cli
13 verbose lock git://github.com/angular/cli /root/.npm/057ccbdd-git-github-com-angular-cli.lock
14 verbose addRemoteGit [ 'git://github.com/angular/cli', 'master' ]
15 verbose git clone git://github.com/angular/cli Cloning into bare repository '/root/.npm/_git-remotes/git-github-com-angular-cli-057ccbdd'...
15 verbose git clone git://github.com/angular/cli fatal: remote error:
15 verbose git clone git://github.com/angular/cli   Repository not found.
16 silly lockFile 057ccbdd-git-github-com-angular-cli git://github.com/angular/cli
17 silly lockFile 057ccbdd-git-github-com-angular-cli git://github.com/angular/cli
18 info maybeGithub Attempting angular/cli from git+ssh://git@github.com:angular/cli
19 silly lockFile 515723dd-git-github-com-angular-cli git@github.com:angular/cli
20 verbose lock git@github.com:angular/cli /root/.npm/515723dd-git-github-com-angular-cli.lock
21 verbose addRemoteGit [ 'git@github.com:angular/cli', 'master' ]
22 error git clone git@github.com:angular/cli Cloning into bare repository '/root/.npm/_git-remotes/git-github-com-angular-cli-515723dd'...
22 error git clone git@github.com:angular/cli Warning: Permanently added 'github.com,192.30.253.113' (RSA) to the list of known hosts.
22 error git clone git@github.com:angular/cli Permission denied (publickey).
22 error git clone git@github.com:angular/cli fatal: Could not read from remote repository.
22 error git clone git@github.com:angular/cli
22 error git clone git@github.com:angular/cli Please make sure you have the correct access rights
22 error git clone git@github.com:angular/cli and the repository exists.
23 silly lockFile 515723dd-git-github-com-angular-cli git@github.com:angular/cli
24 silly lockFile 515723dd-git-github-com-angular-cli git@github.com:angular/cli
25 silly lockFile 5cecaa1c-angular-cli angular/cli
26 silly lockFile 5cecaa1c-angular-cli angular/cli
27 error addLocal Could not install angular/cli
28 error Error: ENOENT: no such file or directory, stat 'angular/cli'
28 error     at Error (native)
29 error If you need help, you may report this *entire* log,
29 error including the npm and node versions, at:
29 error     <http://github.com/npm/npm/issues>
30 error System Linux 4.9.59-v7+
31 error command "/usr/bin/nodejs" "/usr/bin/npm" "install" "-g" "@angular/cli"
32 error cwd /home/pi/Desktop/hydek/ElectroMobility/front-end
33 error node -v v4.8.2
34 error npm -v 1.4.21
35 error path angular/cli
36 error syscall stat
37 error code ENOENT
38 error errno -2
39 verbose exit [ -2, true ]
